; 0.  1: # 1 "14-ocecho.oc"; 1.  0: 
; 1.  1: # 1 "<built-in>"
; 2.  1: # 1 "<command-line>"
; 3.  1: # 1 "/usr/include/stdc-predef.h" 1 3 4
; 4.  1: # 1 "<command-line>" 2
; 5.  1: # 1 "14-ocecho.oc"
; 6.  1: 
; 6.  2: 
; 6.  3: # 1 "oclib.h" 1
; 7.  1: # 22 "oclib.h"
; 8. 22: void fail (string expr, string file, int line);
; 8. 23: 
; 8. 24: void putchr (int chr);
; 8. 25: void putint (int num);
; 8. 26: void putstr (string str);
; 8. 27: 
; 8. 28: int getchr();
; 8. 29: string getstr();
; 8. 30: string getln();
; 8. 31: # 4 "14-ocecho.oc" 2
; 9.  4: 
; 9.  5: int main(int argc, array<string> argv) {
; 9.  6:    int argi = 1;
; 9.  7:    while (argi < argc) {
; 9.  8:       if (argi > 1) putchr (' ');
; 9.  9:       putstr (argv[argi]);
; 9. 10:       argi = argi + 1;
; 9. 11:    }
; 9. 12:    putstr ("\n");
; 9. 13:    return 0;
; 9. 14: }
