; 0.  1: # 1 "30-fac-fnloop.oc"; 1.  0: 
; 1.  1: # 1 "<built-in>"
; 2.  1: # 1 "<command-line>"
; 3.  1: # 1 "/usr/include/stdc-predef.h" 1 3 4
; 4.  1: # 1 "<command-line>" 2
; 5.  1: # 1 "30-fac-fnloop.oc"
; 6.  1: 
; 6.  2: 
; 6.  3: 
; 6.  4: 
; 6.  5: 
; 6.  6: # 1 "oclib.h" 1
; 7.  1: # 22 "oclib.h"
; 8. 22: void fail (string expr, string file, int line);
; 8. 23: 
; 8. 24: void putchr (int chr);
; 8. 25: void putint (int num);
; 8. 26: void putstr (string str);
; 8. 27: 
; 8. 28: int getchr();
; 8. 29: string getstr();
; 8. 30: string getln();
; 8. 31: # 7 "30-fac-fnloop.oc" 2
; 9.  7: 
; 9.  8: int fac (int n) {
; 9.  9:    int f = 1;
; 9. 10:    while (n > 1) {
; 9. 11:       f = f * n;
; 9. 12:       n = n - 1;
; 9. 13:    }
; 9. 14:    return f;
; 9. 15: }
; 9. 16: 
; 9. 17: int main() {
; 9. 18:    int n = 1;
; 9. 19:    while (n <= 5) {
; 9. 20:       putint (fac (n));
; 9. 21:       putchr ('\n');
; 9. 22:       n = n + 1;
; 9. 23:    }
; 9. 24:    return 0;
; 9. 25: }
