; 0.  1: # 1 "31-fib-2supn.oc"; 1.  0: 
; 1.  1: # 1 "<built-in>"
; 2.  1: # 1 "<command-line>"
; 3.  1: # 1 "/usr/include/stdc-predef.h" 1 3 4
; 4.  1: # 1 "<command-line>" 2
; 5.  1: # 1 "31-fib-2supn.oc"
; 6.  1: 
; 6.  2: 
; 6.  3: 
; 6.  4: 
; 6.  5: 
; 6.  6: # 1 "oclib.h" 1
; 7.  1: # 22 "oclib.h"
; 8. 22: void fail (string expr, string file, int line);
; 8. 23: 
; 8. 24: void putchr (int chr);
; 8. 25: void putint (int num);
; 8. 26: void putstr (string str);
; 8. 27: 
; 8. 28: int getchr();
; 8. 29: string getstr();
; 8. 30: string getln();
; 8. 31: # 7 "31-fib-2supn.oc" 2
; 9.  7: 
; 9.  8: int fibonacci (int n) {
; 9.  9:    if (n < 2) return n;
; 9. 10:    return fibonacci (n - 1) + fibonacci (n - 2);
; 9. 11: }
; 9. 12: 
; 9. 13: int main() {
; 9. 14:    int n = 0;
; 9. 15:    while (n < 10) {
; 9. 16:       putstr ("fibonacci(");
; 9. 17:       putint (n);
; 9. 18:       putstr (") = ");
; 9. 19:       putint (fibonacci (n));
; 9. 20:       putchr ('\n');
; 9. 21:       n = n + 1;
; 9. 22:    }
; 9. 23:    return 0;
; 9. 24: }
