; 0.  1: # 1 "33-collatz.oc"; 1.  0: 
; 1.  1: # 1 "<built-in>"
; 2.  1: # 1 "<command-line>"
; 3.  1: # 1 "/usr/include/stdc-predef.h" 1 3 4
; 4.  1: # 1 "<command-line>" 2
; 5.  1: # 1 "33-collatz.oc"
; 6.  1: 
; 6.  2: 
; 6.  3: 
; 6.  4: 
; 6.  5: 
; 6.  6: 
; 6.  7: # 1 "oclib.h" 1
; 7.  1: # 22 "oclib.h"
; 8. 22: void fail (string expr, string file, int line);
; 8. 23: 
; 8. 24: void putchr (int chr);
; 8. 25: void putint (int num);
; 8. 26: void putstr (string str);
; 8. 27: 
; 8. 28: int getchr();
; 8. 29: string getstr();
; 8. 30: string getln();
; 8. 31: # 8 "33-collatz.oc" 2
; 9.  8: 
; 9.  9: int collatz (int n) {
; 9. 10:    int c = 0;
; 9. 11:    while (n != 1) {
; 9. 12:       c = c + 1;
; 9. 13:       if (n % 2 == 1) n = 3 * n + 1;
; 9. 14:                  else n = n / 2;
; 9. 15:    }
; 9. 16:    return c;
; 9. 17: }
; 9. 18: 
; 9. 19: void test (int n) {
; 9. 20:    int c = collatz (n);
; 9. 21:    putstr ("collatz(");
; 9. 22:    putint (n);
; 9. 23:    putstr (") = ");
; 9. 24:    putint (c);
; 9. 25:    putchr ('\n');
; 9. 26: }
; 9. 27: 
; 9. 28: int main() {
; 9. 29:    test (3);
; 9. 30:    test (50);
; 9. 31:    return 0;
; 9. 32: }
