; 0.  1: # 1 "44-dot-product.oc"; 1.  0: 
; 1.  1: # 1 "<built-in>"
; 2.  1: # 1 "<command-line>"
; 3.  1: # 1 "/usr/include/stdc-predef.h" 1 3 4
; 4.  1: # 1 "<command-line>" 2
; 5.  1: # 1 "44-dot-product.oc"
; 6.  1: 
; 6.  2: 
; 6.  3: # 1 "oclib.h" 1
; 7.  1: # 22 "oclib.h"
; 8. 22: void fail (string expr, string file, int line);
; 8. 23: 
; 8. 24: void putchr (int chr);
; 8. 25: void putint (int num);
; 8. 26: void putstr (string str);
; 8. 27: 
; 8. 28: int getchr();
; 8. 29: string getstr();
; 8. 30: string getln();
; 8. 31: # 4 "44-dot-product.oc" 2
; 9.  4: 
; 9.  5: int dot_product (int size, array<int> vec1, array<int> vec2) {
; 9.  6:    int index = 0;
; 9.  7:    int dot = 0;
; 9.  8:    while (index < size) {
; 9.  9:       dot = dot + vec1[index] * vec2[index];
; 9. 10:       index = index + 1;
; 9. 11:    }
; 9. 12:    return dot;
; 9. 13: }
; 9. 14: 
; 9. 15: 
; 9. 16: 
; 9. 17: int main() {
; 9. 18:    array<int> vec1 = alloc<array<int>> (10);
; 9. 19:    array<int> vec2 = alloc<array<int>> (10);
; 9. 20:    int index = 0;
; 9. 21:    while (index < 10) {
; 9. 22:       vec1[index] = index + 10;
; 9. 23:       vec2[index] = index * 10;
; 9. 24:       index = index + 1;
; 9. 25:    }
; 9. 26:    putint (dot_product (10, vec1, vec2));
; 9. 27:    putchr ('\n');
; 9. 28:    return 0;
; 9. 29: }
