; 0.  1: # 1 "95-cobol.oc"; 1.  0: 
; 1.  1: # 1 "<built-in>"
; 2.  1: # 1 "<command-line>"
; 3.  1: # 1 "/usr/include/stdc-predef.h" 1 3 4
; 4.  1: # 1 "<command-line>" 2
; 5.  1: # 1 "95-cobol.oc"
; 6.  1: 
; 6.  2: 
; 6.  3: 000100 IDENTIFICATION DIVISION.
; 6.  4: 000200 PROGRAM-ID. HELLOWORLD.
; 6.  5: 000300
; 6.  6: 000400*
; 6.  7: 000500 ENVIRONMENT DIVISION.
; 6.  8: 000600 CONFIGURATION SECTION.
; 6.  9: 000700 SOURCE-COMPUTER. RM-COBOL.
; 6. 10: 000800 OBJECT-COMPUTER. RM-COBOL.
; 6. 11: 000900
; 6. 12: 001000 DATA DIVISION.
; 6. 13: 001100 FILE SECTION.
; 6. 14: 001200
; 6. 15: 100000 PROCEDURE DIVISION.
; 6. 16: 100100
; 6. 17: 100200 MAIN-LOGIC SECTION.
; 6. 18: 100300 BEGIN.
; 6. 19: 100400 DISPLAY " " LINE 1 POSITION 1 ERASE EOS.
; 6. 20: 100500 DISPLAY "Hello world!" LINE 15 POSITION 10.
; 6. 21: 100600 STOP RUN.
; 6. 22: 100700 MAIN-LOGIC-EXIT.
; 6. 23: 100800 EXIT.
